<?xml version="1.0" encoding="UTF-8"?>
<coverage generated="1744879336331" clover="3.2.0">
  <project timestamp="1744879336331" name="All files">
    <metrics statements="62" coveredstatements="57" conditionals="34" coveredconditionals="25" methods="10" coveredmethods="10" elements="106" coveredelements="92" complexity="0" loc="62" ncloc="62" packages="1" files="1" classes="1"/>
    <file name="index.js" path="/Users/dpaskvan/Development/express-sse/index.js">
      <metrics statements="62" coveredstatements="57" conditionals="34" coveredconditionals="25" methods="10" coveredmethods="10"/>
      <line num="7" count="1" type="stmt"/>
      <line num="20" count="13" type="stmt"/>
      <line num="22" count="13" type="cond" truecount="2" falsecount="0"/>
      <line num="23" count="6" type="cond" truecount="2" falsecount="0"/>
      <line num="25" count="7" type="stmt"/>
      <line num="28" count="13" type="cond" truecount="2" falsecount="0"/>
      <line num="29" count="4" type="stmt"/>
      <line num="31" count="9" type="stmt"/>
      <line num="34" count="13" type="stmt"/>
      <line num="41" count="13" type="stmt"/>
      <line num="42" count="13" type="stmt"/>
      <line num="43" count="13" type="stmt"/>
      <line num="44" count="13" type="stmt"/>
      <line num="45" count="13" type="stmt"/>
      <line num="46" count="13" type="stmt"/>
      <line num="47" count="13" type="stmt"/>
      <line num="48" count="13" type="stmt"/>
      <line num="49" count="13" type="cond" truecount="1" falsecount="1"/>
      <line num="50" count="13" type="stmt"/>
      <line num="52" count="13" type="cond" truecount="1" falsecount="1"/>
      <line num="53" count="0" type="stmt"/>
      <line num="57" count="13" type="stmt"/>
      <line num="59" count="13" type="stmt"/>
      <line num="60" count="9" type="cond" truecount="2" falsecount="0"/>
      <line num="61" count="1" type="stmt"/>
      <line num="63" count="8" type="stmt"/>
      <line num="64" count="8" type="stmt"/>
      <line num="66" count="9" type="cond" truecount="2" falsecount="0"/>
      <line num="67" count="2" type="stmt"/>
      <line num="69" count="9" type="stmt"/>
      <line num="70" count="9" type="cond" truecount="1" falsecount="1"/>
      <line num="71" count="9" type="stmt"/>
      <line num="72" count="0" type="cond" truecount="0" falsecount="2"/>
      <line num="73" count="0" type="stmt"/>
      <line num="77" count="13" type="stmt"/>
      <line num="78" count="10" type="stmt"/>
      <line num="79" count="12" type="stmt"/>
      <line num="80" count="12" type="stmt"/>
      <line num="81" count="12" type="stmt"/>
      <line num="83" count="10" type="stmt"/>
      <line num="84" count="10" type="cond" truecount="1" falsecount="1"/>
      <line num="85" count="10" type="stmt"/>
      <line num="86" count="0" type="cond" truecount="0" falsecount="2"/>
      <line num="87" count="0" type="stmt"/>
      <line num="91" count="13" type="stmt"/>
      <line num="93" count="13" type="stmt"/>
      <line num="95" count="13" type="cond" truecount="1" falsecount="1"/>
      <line num="96" count="13" type="cond" truecount="2" falsecount="0"/>
      <line num="97" count="9" type="stmt"/>
      <line num="98" count="4" type="cond" truecount="2" falsecount="0"/>
      <line num="99" count="3" type="cond" truecount="2" falsecount="0"/>
      <line num="104" count="13" type="stmt"/>
      <line num="105" count="12" type="stmt"/>
      <line num="106" count="12" type="stmt"/>
      <line num="107" count="12" type="stmt"/>
      <line num="116" count="2" type="cond" truecount="2" falsecount="0"/>
      <line num="123" count="2" type="stmt"/>
      <line num="133" count="9" type="stmt"/>
      <line num="141" count="11" type="cond" truecount="2" falsecount="0"/>
      <line num="142" count="10" type="stmt"/>
      <line num="144" count="1" type="stmt"/>
      <line num="149" count="1" type="stmt"/>
    </file>
  </project>
</coverage>
