{"/Users/dpaskvan/Development/express-sse/index.js": {"path":"/Users/dpaskvan/Development/express-sse/index.js","statementMap":{"0":{"start":{"line":7,"column":21},"end":{"line":7,"column":51}},"1":{"start":{"line":20,"column":4},"end":{"line":20,"column":12}},"2":{"start":{"line":22,"column":4},"end":{"line":26,"column":5}},"3":{"start":{"line":23,"column":6},"end":{"line":23,"column":66}},"4":{"start":{"line":25,"column":6},"end":{"line":25,"column":24}},"5":{"start":{"line":28,"column":4},"end":{"line":32,"column":5}},"6":{"start":{"line":29,"column":6},"end":{"line":29,"column":29}},"7":{"start":{"line":31,"column":6},"end":{"line":31,"column":44}},"8":{"start":{"line":34,"column":4},"end":{"line":34,"column":37}},"9":{"start":{"line":41,"column":13},"end":{"line":41,"column":14}},"10":{"start":{"line":42,"column":4},"end":{"line":42,"column":29}},"11":{"start":{"line":43,"column":4},"end":{"line":43,"column":32}},"12":{"start":{"line":44,"column":4},"end":{"line":44,"column":34}},"13":{"start":{"line":45,"column":4},"end":{"line":45,"column":25}},"14":{"start":{"line":46,"column":4},"end":{"line":46,"column":55}},"15":{"start":{"line":47,"column":4},"end":{"line":47,"column":47}},"16":{"start":{"line":48,"column":4},"end":{"line":48,"column":45}},"17":{"start":{"line":49,"column":4},"end":{"line":51,"column":5}},"18":{"start":{"line":50,"column":6},"end":{"line":50,"column":48}},"19":{"start":{"line":52,"column":4},"end":{"line":54,"column":5}},"20":{"start":{"line":53,"column":6},"end":{"line":53,"column":51}},"21":{"start":{"line":57,"column":4},"end":{"line":57,"column":53}},"22":{"start":{"line":59,"column":25},"end":{"line":75,"column":5}},"23":{"start":{"line":60,"column":6},"end":{"line":65,"column":7}},"24":{"start":{"line":61,"column":8},"end":{"line":61,"column":38}},"25":{"start":{"line":63,"column":8},"end":{"line":63,"column":33}},"26":{"start":{"line":64,"column":8},"end":{"line":64,"column":16}},"27":{"start":{"line":66,"column":6},"end":{"line":68,"column":7}},"28":{"start":{"line":67,"column":8},"end":{"line":67,"column":44}},"29":{"start":{"line":69,"column":6},"end":{"line":69,"column":58}},"30":{"start":{"line":70,"column":6},"end":{"line":74,"column":7}},"31":{"start":{"line":71,"column":8},"end":{"line":71,"column":27}},"32":{"start":{"line":72,"column":13},"end":{"line":74,"column":7}},"33":{"start":{"line":73,"column":8},"end":{"line":73,"column":20}},"34":{"start":{"line":77,"column":30},"end":{"line":89,"column":5}},"35":{"start":{"line":78,"column":28},"end":{"line":82,"column":12}},"36":{"start":{"line":79,"column":8},"end":{"line":79,"column":61}},"37":{"start":{"line":80,"column":8},"end":{"line":80,"column":16}},"38":{"start":{"line":81,"column":8},"end":{"line":81,"column":19}},"39":{"start":{"line":83,"column":6},"end":{"line":83,"column":31}},"40":{"start":{"line":84,"column":6},"end":{"line":88,"column":7}},"41":{"start":{"line":85,"column":8},"end":{"line":85,"column":27}},"42":{"start":{"line":86,"column":13},"end":{"line":88,"column":7}},"43":{"start":{"line":87,"column":8},"end":{"line":87,"column":20}},"44":{"start":{"line":91,"column":4},"end":{"line":91,"column":34}},"45":{"start":{"line":93,"column":4},"end":{"line":93,"column":44}},"46":{"start":{"line":95,"column":4},"end":{"line":101,"column":5}},"47":{"start":{"line":96,"column":6},"end":{"line":100,"column":7}},"48":{"start":{"line":97,"column":8},"end":{"line":97,"column":37}},"49":{"start":{"line":98,"column":13},"end":{"line":100,"column":7}},"50":{"start":{"line":99,"column":8},"end":{"line":99,"column":68}},"51":{"start":{"line":104,"column":4},"end":{"line":108,"column":7}},"52":{"start":{"line":105,"column":6},"end":{"line":105,"column":48}},"53":{"start":{"line":106,"column":6},"end":{"line":106,"column":58}},"54":{"start":{"line":107,"column":6},"end":{"line":107,"column":55}},"55":{"start":{"line":116,"column":4},"end":{"line":116,"column":55}},"56":{"start":{"line":123,"column":4},"end":{"line":123,"column":22}},"57":{"start":{"line":133,"column":4},"end":{"line":133,"column":43}},"58":{"start":{"line":141,"column":4},"end":{"line":145,"column":5}},"59":{"start":{"line":142,"column":6},"end":{"line":142,"column":35}},"60":{"start":{"line":144,"column":6},"end":{"line":144,"column":22}},"61":{"start":{"line":149,"column":0},"end":{"line":149,"column":21}}},"fnMap":{"0":{"name":"(anonymous_0)","decl":{"start":{"line":19,"column":2},"end":{"line":19,"column":3}},"loc":{"start":{"line":19,"column":32},"end":{"line":35,"column":3}},"line":19},"1":{"name":"(anonymous_1)","decl":{"start":{"line":40,"column":2},"end":{"line":40,"column":3}},"loc":{"start":{"line":40,"column":17},"end":{"line":109,"column":3}},"line":40},"2":{"name":"(anonymous_2)","decl":{"start":{"line":59,"column":25},"end":{"line":59,"column":26}},"loc":{"start":{"line":59,"column":33},"end":{"line":75,"column":5}},"line":59},"3":{"name":"(anonymous_3)","decl":{"start":{"line":77,"column":30},"end":{"line":77,"column":31}},"loc":{"start":{"line":77,"column":38},"end":{"line":89,"column":5}},"line":77},"4":{"name":"(anonymous_4)","decl":{"start":{"line":78,"column":40},"end":{"line":78,"column":41}},"loc":{"start":{"line":78,"column":54},"end":{"line":82,"column":7}},"line":78},"5":{"name":"(anonymous_5)","decl":{"start":{"line":104,"column":20},"end":{"line":104,"column":21}},"loc":{"start":{"line":104,"column":26},"end":{"line":108,"column":5}},"line":104},"6":{"name":"(anonymous_6)","decl":{"start":{"line":115,"column":2},"end":{"line":115,"column":3}},"loc":{"start":{"line":115,"column":19},"end":{"line":117,"column":3}},"line":115},"7":{"name":"(anonymous_7)","decl":{"start":{"line":122,"column":2},"end":{"line":122,"column":3}},"loc":{"start":{"line":122,"column":13},"end":{"line":124,"column":3}},"line":122},"8":{"name":"(anonymous_8)","decl":{"start":{"line":132,"column":2},"end":{"line":132,"column":3}},"loc":{"start":{"line":132,"column":24},"end":{"line":134,"column":3}},"line":132},"9":{"name":"(anonymous_9)","decl":{"start":{"line":140,"column":2},"end":{"line":140,"column":3}},"loc":{"start":{"line":140,"column":18},"end":{"line":146,"column":3}},"line":140}},"branchMap":{"0":{"loc":{"start":{"line":22,"column":4},"end":{"line":26,"column":5}},"type":"if","locations":[{"start":{"line":22,"column":4},"end":{"line":26,"column":5}},{"start":{"line":24,"column":11},"end":{"line":26,"column":5}}],"line":22},"1":{"loc":{"start":{"line":23,"column":21},"end":{"line":23,"column":65}},"type":"cond-expr","locations":[{"start":{"line":23,"column":46},"end":{"line":23,"column":53}},{"start":{"line":23,"column":56},"end":{"line":23,"column":65}}],"line":23},"2":{"loc":{"start":{"line":28,"column":4},"end":{"line":32,"column":5}},"type":"if","locations":[{"start":{"line":28,"column":4},"end":{"line":32,"column":5}},{"start":{"line":30,"column":11},"end":{"line":32,"column":5}}],"line":28},"3":{"loc":{"start":{"line":49,"column":4},"end":{"line":51,"column":5}},"type":"if","locations":[{"start":{"line":49,"column":4},"end":{"line":51,"column":5}},{"start":{},"end":{}}],"line":49},"4":{"loc":{"start":{"line":52,"column":4},"end":{"line":54,"column":5}},"type":"if","locations":[{"start":{"line":52,"column":4},"end":{"line":54,"column":5}},{"start":{},"end":{}}],"line":52},"5":{"loc":{"start":{"line":60,"column":6},"end":{"line":65,"column":7}},"type":"if","locations":[{"start":{"line":60,"column":6},"end":{"line":65,"column":7}},{"start":{"line":62,"column":13},"end":{"line":65,"column":7}}],"line":60},"6":{"loc":{"start":{"line":66,"column":6},"end":{"line":68,"column":7}},"type":"if","locations":[{"start":{"line":66,"column":6},"end":{"line":68,"column":7}},{"start":{},"end":{}}],"line":66},"7":{"loc":{"start":{"line":70,"column":6},"end":{"line":74,"column":7}},"type":"if","locations":[{"start":{"line":70,"column":6},"end":{"line":74,"column":7}},{"start":{"line":72,"column":13},"end":{"line":74,"column":7}}],"line":70},"8":{"loc":{"start":{"line":72,"column":13},"end":{"line":74,"column":7}},"type":"if","locations":[{"start":{"line":72,"column":13},"end":{"line":74,"column":7}},{"start":{},"end":{}}],"line":72},"9":{"loc":{"start":{"line":84,"column":6},"end":{"line":88,"column":7}},"type":"if","locations":[{"start":{"line":84,"column":6},"end":{"line":88,"column":7}},{"start":{"line":86,"column":13},"end":{"line":88,"column":7}}],"line":84},"10":{"loc":{"start":{"line":86,"column":13},"end":{"line":88,"column":7}},"type":"if","locations":[{"start":{"line":86,"column":13},"end":{"line":88,"column":7}},{"start":{},"end":{}}],"line":86},"11":{"loc":{"start":{"line":95,"column":4},"end":{"line":101,"column":5}},"type":"if","locations":[{"start":{"line":95,"column":4},"end":{"line":101,"column":5}},{"start":{},"end":{}}],"line":95},"12":{"loc":{"start":{"line":96,"column":6},"end":{"line":100,"column":7}},"type":"if","locations":[{"start":{"line":96,"column":6},"end":{"line":100,"column":7}},{"start":{"line":98,"column":13},"end":{"line":100,"column":7}}],"line":96},"13":{"loc":{"start":{"line":98,"column":13},"end":{"line":100,"column":7}},"type":"if","locations":[{"start":{"line":98,"column":13},"end":{"line":100,"column":7}},{"start":{},"end":{}}],"line":98},"14":{"loc":{"start":{"line":99,"column":32},"end":{"line":99,"column":66}},"type":"binary-expr","locations":[{"start":{"line":99,"column":32},"end":{"line":99,"column":57}},{"start":{"line":99,"column":61},"end":{"line":99,"column":66}}],"line":99},"15":{"loc":{"start":{"line":116,"column":19},"end":{"line":116,"column":54}},"type":"cond-expr","locations":[{"start":{"line":116,"column":41},"end":{"line":116,"column":45}},{"start":{"line":116,"column":48},"end":{"line":116,"column":54}}],"line":116},"16":{"loc":{"start":{"line":141,"column":4},"end":{"line":145,"column":5}},"type":"if","locations":[{"start":{"line":141,"column":4},"end":{"line":145,"column":5}},{"start":{"line":143,"column":11},"end":{"line":145,"column":5}}],"line":141}},"s":{"0":1,"1":13,"2":13,"3":6,"4":7,"5":13,"6":4,"7":9,"8":13,"9":13,"10":13,"11":13,"12":13,"13":13,"14":13,"15":13,"16":13,"17":13,"18":13,"19":13,"20":0,"21":13,"22":13,"23":9,"24":1,"25":8,"26":8,"27":9,"28":2,"29":9,"30":9,"31":9,"32":0,"33":0,"34":13,"35":10,"36":12,"37":12,"38":12,"39":10,"40":10,"41":10,"42":0,"43":0,"44":13,"45":13,"46":13,"47":13,"48":9,"49":4,"50":3,"51":13,"52":12,"53":12,"54":12,"55":2,"56":2,"57":9,"58":11,"59":10,"60":1,"61":1},"f":{"0":13,"1":13,"2":9,"3":10,"4":12,"5":12,"6":2,"7":2,"8":9,"9":11},"b":{"0":[6,7],"1":[5,1],"2":[4,9],"3":[13,0],"4":[0,13],"5":[1,8],"6":[2,7],"7":[9,0],"8":[0,0],"9":[10,0],"10":[0,0],"11":[13,0],"12":[9,4],"13":[3,1],"14":[3,2],"15":[1,1],"16":[10,1]},"_coverageSchema":"1a1c01bbd47fc00a2c39e90264f33305004495a9","hash":"443869ec73b6e369f59efc9e3a77822863c9706c"}
}
