TN:
SF:index.js
FN:19,(anonymous_0)
FN:40,(anonymous_1)
FN:59,(anonymous_2)
FN:77,(anonymous_3)
FN:78,(anonymous_4)
FN:104,(anonymous_5)
FN:115,(anonymous_6)
FN:122,(anonymous_7)
FN:132,(anonymous_8)
FN:140,(anonymous_9)
FNF:10
FNH:10
FNDA:13,(anonymous_0)
FNDA:13,(anonymous_1)
FNDA:9,(anonymous_2)
FNDA:10,(anonymous_3)
FNDA:12,(anonymous_4)
FNDA:12,(anonymous_5)
FNDA:2,(anonymous_6)
FNDA:2,(anonymous_7)
FNDA:9,(anonymous_8)
FNDA:11,(anonymous_9)
DA:7,1
DA:20,13
DA:22,13
DA:23,6
DA:25,7
DA:28,13
DA:29,4
DA:31,9
DA:34,13
DA:41,13
DA:42,13
DA:43,13
DA:44,13
DA:45,13
DA:46,13
DA:47,13
DA:48,13
DA:49,13
DA:50,13
DA:52,13
DA:53,0
DA:57,13
DA:59,13
DA:60,9
DA:61,1
DA:63,8
DA:64,8
DA:66,9
DA:67,2
DA:69,9
DA:70,9
DA:71,9
DA:72,0
DA:73,0
DA:77,13
DA:78,10
DA:79,12
DA:80,12
DA:81,12
DA:83,10
DA:84,10
DA:85,10
DA:86,0
DA:87,0
DA:91,13
DA:93,13
DA:95,13
DA:96,13
DA:97,9
DA:98,4
DA:99,3
DA:104,13
DA:105,12
DA:106,12
DA:107,12
DA:116,2
DA:123,2
DA:133,9
DA:141,11
DA:142,10
DA:144,1
DA:149,1
LF:62
LH:57
BRDA:22,0,0,6
BRDA:22,0,1,7
BRDA:23,1,0,5
BRDA:23,1,1,1
BRDA:28,2,0,4
BRDA:28,2,1,9
BRDA:49,3,0,13
BRDA:49,3,1,0
BRDA:52,4,0,0
BRDA:52,4,1,13
BRDA:60,5,0,1
BRDA:60,5,1,8
BRDA:66,6,0,2
BRDA:66,6,1,7
BRDA:70,7,0,9
BRDA:70,7,1,0
BRDA:72,8,0,0
BRDA:72,8,1,0
BRDA:84,9,0,10
BRDA:84,9,1,0
BRDA:86,10,0,0
BRDA:86,10,1,0
BRDA:95,11,0,13
BRDA:95,11,1,0
BRDA:96,12,0,9
BRDA:96,12,1,4
BRDA:98,13,0,3
BRDA:98,13,1,1
BRDA:99,14,0,3
BRDA:99,14,1,2
BRDA:116,15,0,1
BRDA:116,15,1,1
BRDA:141,16,0,10
BRDA:141,16,1,1
BRF:34
BRH:25
end_of_record
